2019-01-19 13:20:05.159  INFO 12496 --- [restartedMain] com.supbank.SupbankApplication           : Starting SupbankApplication on KONGWeijia with PID 12496 (D:\SupBank_End\SupBank\server\supbank\target\classes started by kwj19 in D:\SupBank_End\SupBank\server\supbank)
2019-01-19 13:20:05.167 DEBUG 12496 --- [restartedMain] com.supbank.SupbankApplication           : Running with Spring Boot v2.1.2.RELEASE, Spring v5.1.4.RELEASE
2019-01-19 13:20:05.168  INFO 12496 --- [restartedMain] com.supbank.SupbankApplication           : No active profile set, falling back to default profiles: default
2019-01-19 13:20:05.230  INFO 12496 --- [restartedMain] .e.DevToolsPropertyDefaultsPostProcessor : Devtools property defaults active! Set 'spring.devtools.add-properties' to 'false' to disable
2019-01-19 13:20:05.232  INFO 12496 --- [restartedMain] .e.DevToolsPropertyDefaultsPostProcessor : For additional web related logging consider setting the 'logging.level.web' property to 'DEBUG'
2019-01-19 13:20:07.090  INFO 12496 --- [restartedMain] o.s.b.w.embedded.tomcat.TomcatWebServer  : Tomcat initialized with port(s): 8990 (http)
2019-01-19 13:20:07.118  INFO 12496 --- [restartedMain] o.apache.catalina.core.StandardService   : Starting service [Tomcat]
2019-01-19 13:20:07.118  INFO 12496 --- [restartedMain] org.apache.catalina.core.StandardEngine  : Starting Servlet engine: [Apache Tomcat/9.0.14]
2019-01-19 13:20:07.127  INFO 12496 --- [restartedMain] o.a.catalina.core.AprLifecycleListener   : An older version [1.2.14] of the APR based Apache Tomcat Native library is installed, while Tomcat recommends a minimum version of [1.2.19]
2019-01-19 13:20:07.128  INFO 12496 --- [restartedMain] o.a.catalina.core.AprLifecycleListener   : Loaded APR based Apache Tomcat Native library [1.2.14] using APR version [1.6.2].
2019-01-19 13:20:07.128  INFO 12496 --- [restartedMain] o.a.catalina.core.AprLifecycleListener   : APR capabilities: IPv6 [true], sendfile [true], accept filters [false], random [true].
2019-01-19 13:20:07.128  INFO 12496 --- [restartedMain] o.a.catalina.core.AprLifecycleListener   : APR/OpenSSL configuration: useAprConnector [false], useOpenSSL [true]
2019-01-19 13:20:08.313  INFO 12496 --- [restartedMain] o.a.catalina.core.AprLifecycleListener   : OpenSSL successfully initialized [OpenSSL 1.0.2l  25 May 2017]
2019-01-19 13:20:08.430  INFO 12496 --- [restartedMain] o.a.c.c.C.[Tomcat].[localhost].[/]       : Initializing Spring embedded WebApplicationContext
2019-01-19 13:20:08.430  INFO 12496 --- [restartedMain] o.s.web.context.ContextLoader            : Root WebApplicationContext: initialization completed in 3198 ms
2019-01-19 13:20:08.739  INFO 12496 --- [restartedMain] o.s.s.concurrent.ThreadPoolTaskExecutor  : Initializing ExecutorService 'applicationTaskExecutor'
2019-01-19 13:20:08.845  WARN 12496 --- [restartedMain] ion$DefaultTemplateResolverConfiguration : Cannot find template location: classpath:/templates/ (please add some templates or check your Thymeleaf configuration)
2019-01-19 13:20:09.027  INFO 12496 --- [restartedMain] o.s.b.d.a.OptionalLiveReloadServer       : LiveReload server is running on port 35729
2019-01-19 13:20:09.108  INFO 12496 --- [restartedMain] o.s.b.w.embedded.tomcat.TomcatWebServer  : Tomcat started on port(s): 8990 (http) with context path ''
2019-01-19 13:20:09.112  INFO 12496 --- [restartedMain] com.supbank.SupbankApplication           : Started SupbankApplication in 4.438 seconds (JVM running for 5.655)
2019-01-19 13:21:23.093  INFO 12496 --- [http-nio-8990-exec-1] o.a.c.c.C.[Tomcat].[localhost].[/]       : Initializing Spring DispatcherServlet 'dispatcherServlet'
2019-01-19 13:21:23.093  INFO 12496 --- [http-nio-8990-exec-1] o.s.web.servlet.DispatcherServlet        : Initializing Servlet 'dispatcherServlet'
2019-01-19 13:21:23.106  INFO 12496 --- [http-nio-8990-exec-1] o.s.web.servlet.DispatcherServlet        : Completed initialization in 13 ms
2019-01-19 13:23:19.110  INFO 12496 --- [RMI TCP Connection(2)-127.0.0.1] inMXBeanRegistrar$SpringApplicationAdmin : Application shutdown requested.
2019-01-19 13:23:19.115  INFO 12496 --- [RMI TCP Connection(2)-127.0.0.1] o.s.s.concurrent.ThreadPoolTaskExecutor  : Shutting down ExecutorService 'applicationTaskExecutor'
